mode: set
1psa/cmd/1psa/main.go:11.13,22.15 9 0
1psa/cmd/1psa/main.go:22.15,24.3 1 0
1psa/cmd/1psa/main.go:25.2,25.16 1 0
1psa/cmd/1psa/main.go:25.16,27.3 1 0
1psa/cmd/1psa/main.go:28.2,28.21 1 0
1psa/cmd/1psa/main.go:28.21,30.3 1 0
1psa/cmd/1psa/main.go:31.2,31.25 1 0
1psa/cmd/1psa/main.go:31.25,33.3 1 0
1psa/cmd/1psa/main.go:34.2,34.25 1 0
1psa/cmd/1psa/main.go:34.25,36.3 1 0
1psa/cmd/1psa/main.go:38.2,38.20 1 0
1psa/cmd/1psa/main.go:38.20,41.3 2 0
1psa/cmd/1psa/main.go:43.2,43.19 1 0
1psa/cmd/1psa/main.go:43.19,47.3 3 0
1psa/cmd/1psa/main.go:49.2,50.16 2 0
1psa/cmd/1psa/main.go:50.16,52.3 1 0
1psa/cmd/1psa/main.go:54.2,55.15 2 0
1psa/cmd/1psa/main.go:55.15,57.20 2 0
1psa/cmd/1psa/main.go:57.20,59.4 1 0
1psa/cmd/1psa/main.go:60.3,60.21 1 0
1psa/cmd/1psa/main.go:60.21,62.4 1 0
1psa/cmd/1psa/main.go:62.9,64.4 1 0
1psa/cmd/1psa/main.go:65.8,65.23 1 0
1psa/cmd/1psa/main.go:65.23,66.20 1 0
1psa/cmd/1psa/main.go:66.20,70.4 3 0
1psa/cmd/1psa/main.go:71.3,71.64 1 0
1psa/cmd/1psa/main.go:72.8,72.28 1 0
1psa/cmd/1psa/main.go:72.28,73.20 1 0
1psa/cmd/1psa/main.go:73.20,77.4 3 0
1psa/cmd/1psa/main.go:78.3,78.65 1 0
1psa/cmd/1psa/main.go:79.8,79.32 1 0
1psa/cmd/1psa/main.go:79.32,81.3 1 0
1psa/cmd/1psa/main.go:81.8,83.3 1 0
1psa/cmd/1psa/main.go:85.2,85.16 1 0
1psa/cmd/1psa/main.go:85.16,87.3 1 0
1psa/cmd/1psa/main.go:88.2,88.34 1 0
1psa/cmd/1psa/main.go:88.34,90.3 1 0
1psa/cmd/1psa/main.go:90.8,92.3 1 0
1psa/cmd/1psa/main.go:95.18,102.2 6 0
1psa/onepsa/client.go:14.50,16.16 2 0
1psa/onepsa/client.go:16.16,18.3 1 0
1psa/onepsa/client.go:20.2,21.45 2 0
1psa/onepsa/client.go:25.79,27.16 2 1
1psa/onepsa/client.go:27.16,29.3 1 1
1psa/onepsa/client.go:31.2,38.16 3 1
1psa/onepsa/client.go:38.16,40.3 1 1
1psa/onepsa/client.go:42.2,42.20 1 0
1psa/onepsa/credentials.go:12.73,14.2 1 1
1psa/onepsa/credentials.go:17.86,18.39 1 1
1psa/onepsa/credentials.go:18.39,20.3 1 1
1psa/onepsa/credentials.go:21.2,21.43 1 1
1psa/onepsa/credentials.go:24.64,28.16 4 1
1psa/onepsa/credentials.go:28.16,30.3 1 1
1psa/onepsa/credentials.go:32.2,32.22 1 1
1psa/onepsa/credentials.go:32.22,35.3 2 1
1psa/onepsa/credentials.go:37.2,39.31 2 1
1psa/onepsa/credentials.go:39.31,45.17 5 1
1psa/onepsa/credentials.go:45.17,47.12 2 1
1psa/onepsa/credentials.go:50.3,50.22 1 1
1psa/onepsa/credentials.go:50.22,52.4 1 1
1psa/onepsa/credentials.go:52.9,54.31 2 1
1psa/onepsa/credentials.go:54.31,56.28 2 1
1psa/onepsa/credentials.go:56.28,58.6 1 1
1psa/onepsa/credentials.go:59.5,60.27 2 1
1psa/onepsa/credentials.go:60.27,62.6 1 1
1psa/onepsa/credentials.go:63.5,63.95 1 1
1psa/onepsa/credentials.go:66.3,66.20 1 1
1psa/onepsa/credentials.go:69.2,69.24 1 1
1psa/onepsa/credentials.go:72.84,74.16 2 1
1psa/onepsa/credentials.go:74.16,76.3 1 0
1psa/onepsa/credentials.go:78.2,83.27 5 1
1psa/onepsa/credentials.go:83.27,86.3 2 1
1psa/onepsa/credentials.go:88.2,88.36 1 1
1psa/onepsa/credentials.go:88.36,90.3 1 1
1psa/onepsa/credentials.go:92.2,92.24 1 1
1psa/onepsa/field.go:11.96,13.16 2 1
1psa/onepsa/field.go:13.16,15.3 1 0
1psa/onepsa/field.go:17.2,18.12 2 1
1psa/onepsa/field.go:18.12,20.3 1 1
1psa/onepsa/field.go:22.2,22.19 1 1
1psa/onepsa/field.go:26.111,28.16 2 1
1psa/onepsa/field.go:28.16,30.3 1 0
1psa/onepsa/field.go:32.2,33.22 2 1
1psa/onepsa/field.go:33.22,35.3 1 0
1psa/onepsa/field.go:37.2,39.35 3 1
1psa/onepsa/field.go:39.35,41.13 2 1
1psa/onepsa/field.go:41.13,43.12 2 0
1psa/onepsa/field.go:45.3,45.47 1 1
1psa/onepsa/field.go:48.2,48.22 1 1
1psa/onepsa/field.go:48.22,50.3 1 0
1psa/onepsa/field.go:52.2,52.24 1 1
1psa/onepsa/field.go:55.56,57.30 2 1
1psa/onepsa/field.go:57.30,58.50 1 1
1psa/onepsa/field.go:58.50,60.19 2 1
1psa/onepsa/field.go:60.19,61.13 1 1
1psa/onepsa/field.go:63.4,63.34 1 1
1psa/onepsa/field.go:66.2,66.15 1 1
1psa/onepsa/field.go:69.77,70.36 1 1
1psa/onepsa/field.go:70.36,71.48 1 1
1psa/onepsa/field.go:71.48,73.4 1 1
1psa/onepsa/field.go:75.2,75.18 1 1
1psa/onepsa/lookup.go:11.93,14.16 3 1
1psa/onepsa/lookup.go:14.16,16.3 1 1
1psa/onepsa/lookup.go:18.2,18.31 1 1
1psa/onepsa/lookup.go:18.31,20.17 2 1
1psa/onepsa/lookup.go:20.17,21.12 1 1
1psa/onepsa/lookup.go:24.3,24.38 1 1
1psa/onepsa/lookup.go:24.38,25.55 1 1
1psa/onepsa/lookup.go:25.55,27.19 2 1
1psa/onepsa/lookup.go:27.19,29.6 1 1
1psa/onepsa/lookup.go:30.5,30.26 1 1
1psa/onepsa/lookup.go:35.2,35.57 1 1
1psa/cshared/exports.go:16.34,17.14 1 0
1psa/cshared/exports.go:17.14,19.3 1 0
1psa/cshared/exports.go:23.45,24.54 1 0
1psa/cshared/exports.go:24.54,26.17 2 0
1psa/cshared/exports.go:26.17,28.4 1 0
1psa/cshared/exports.go:29.3,29.47 1 0
1psa/cshared/exports.go:34.62,35.17 1 0
1psa/cshared/exports.go:35.17,37.3 1 0
1psa/cshared/exports.go:38.2,38.54 1 0
1psa/cshared/exports.go:38.54,40.17 2 0
1psa/cshared/exports.go:40.17,42.4 1 0
1psa/cshared/exports.go:43.3,43.61 1 0
1psa/cshared/exports.go:48.67,49.17 1 0
1psa/cshared/exports.go:49.17,51.3 1 0
1psa/cshared/exports.go:52.2,52.18 1 0
1psa/cshared/exports.go:52.18,54.3 1 0
1psa/cshared/exports.go:55.2,55.54 1 0
1psa/cshared/exports.go:55.54,57.17 2 0
1psa/cshared/exports.go:57.17,59.4 1 0
1psa/cshared/exports.go:60.3,60.79 1 0
1psa/cshared/exports.go:68.68,69.17 1 0
1psa/cshared/exports.go:69.17,71.3 1 0
1psa/cshared/exports.go:72.2,72.19 1 0
1psa/cshared/exports.go:72.19,74.3 1 0
1psa/cshared/exports.go:75.2,75.54 1 0
1psa/cshared/exports.go:75.54,77.17 2 0
1psa/cshared/exports.go:77.17,79.4 1 0
1psa/cshared/exports.go:81.3,81.90 1 0
1psa/cshared/exports.go:85.47,86.19 1 0
1psa/cshared/exports.go:86.19,88.3 1 0
1psa/cshared/exports.go:89.2,89.12 1 0
1psa/cshared/exports.go:92.72,94.16 2 0
1psa/cshared/exports.go:94.16,95.20 1 0
1psa/cshared/exports.go:95.20,97.4 1 0
1psa/cshared/exports.go:98.3,98.13 1 0
1psa/cshared/exports.go:100.2,100.19 1 0
1psa/cshared/exports.go:100.19,102.3 1 0
1psa/cshared/exports.go:103.2,103.21 1 0
1psa/cshared/main.go:4.14,4.15 0 0
